<?xml version="1.0" encoding="UTF-8"?>
<!-- Generated by org.testng.reporters.JUnitReportReporter -->
<testsuite hostname="Lenovo" failures="0" tests="1" name="TestScenarios.DynDataHandling" time="9.504" errors="0" timestamp="2023-07-25T04:30:22 IST" skipped="0">
  <testcase classname="TestScenarios.DynDataHandling" name="capthaHandling" time="9.504"/>
</testsuite> <!-- TestScenarios.DynDataHandling -->
