<?xml version="1.0" encoding="UTF-8"?>
<!-- Generated by org.testng.reporters.JUnitReportReporter -->
<testsuite hostname="Lenovo" failures="0" tests="1" name="TestScenarios.MouseHover" time="10.547" errors="0" timestamp="2023-07-27T04:27:23 IST" skipped="0">
  <testcase classname="TestScenarios.MouseHover" name="dragAndDrop" time="10.547"/>
</testsuite> <!-- TestScenarios.MouseHover -->
