<?xml version="1.0" encoding="UTF-8"?>
<!-- Generated by org.testng.reporters.JUnitReportReporter -->
<testsuite hostname="Lenovo" failures="0" tests="1" name="TestScenarios.SwitchingWindows" time="29.369" errors="0" timestamp="2023-07-27T04:27:23 IST" skipped="0">
  <testcase classname="TestScenarios.SwitchingWindows" name="switchWin" time="29.369"/>
</testsuite> <!-- TestScenarios.SwitchingWindows -->
